<?xml version="1.0" encoding="UTF-8"?>
<!-- Generated by org.testng.reporters.JUnitReportReporter -->
<testsuite skipped="0" hostname="SIT-PC" name="com.qa.test.api.RestAssuredBDD" tests="1" failures="0" timestamp="12 Apr 2018 06:38:37 GMT" time="3.704" errors="0">
  <testcase name="testProfiles" time="3.704" classname="com.qa.test.api.RestAssuredBDD"/>
</testsuite> <!-- com.qa.test.api.RestAssuredBDD -->
